{"question": "\nTermux has some issues with cmake, therefore qiskit-aer-0.5.2 installation returns error 1.\nCollecting qiskit\n  Downloading qiskit-0.19.6.tar.gz (4.0 kB)\nCollecting qiskit-terra==0.14.2\n  Downloading qiskit-terra-0.14.2.tar.gz (6.3 MB)\n     |\u2588\u2588\u2588\u2588\u2588\u2588\u2588\u2588\u2588\u2588\u2588\u2588\u2588\u2588\u2588\u2588\u2588\u2588\u2588\u2588\u2588\u2588\u2588\u2588\u2588\u2588\u2588\u2588\u2588\u2588\u2588\u2588| 6.3 MB 110 kB/s\nCollecting qiskit-aer==0.5.2\n  Downloading qiskit-aer-0.5.2.tar.gz (10.3 MB)\n     |\u2588\u2588\u2588\u2588\u2588\u2588\u2588\u2588\u2588\u2588\u2588\u2588\u2588\u2588\u2588\u2588\u2588\u2588\u2588\u2588\u2588\u2588\u2588\u2588\u2588\u2588\u2588\u2588\u2588\u2588\u2588\u2588| 10.3 MB 60 kB/s\n    ERROR: Command errored out with exit status 1:\n     command: /data/data/com.termux/files/usr/bin/python3 -c 'import sys, setuptools, tokenize; sys.argv[0] = '\"'\"'/data/data/com.termux/files/usr/tmp/pip-install-891uqs3t/qiskit-aer/setup.py'\"'\"'; __file__='\"'\"'/data/data/com.termux/files/usr/tmp/pip-install-891uqs3t/qiskit-aer/setup.py'\"'\"';f=getattr(tokenize, '\"'\"'open'\"'\"', open)(__file__);code=f.read().replace('\"'\"'\\r\\n'\"'\"', '\"'\"'\\n'\"'\"');f.close();exec(compile(code, __file__, '\"'\"'exec'\"'\"'))' egg_info --egg-base /data/data/com.termux/files/usr/tmp/pip-pip-egg-info-v59grdvz\n         cwd: /data/data/com.termux/files/usr/tmp/pip-install-891uqs3t/qiskit-aer/\n    Complete output (559 lines):\n      ERROR: Command errored out with exit status 1:\n       command: /data/data/com.termux/files/usr/bin/python3 -u -c 'import sys, setuptools, tokenize; sys.argv[0] = '\"'\"'/data/data/com.termux/files/usr/tmp/pip-wheel-3e9istkf/cmake/setup.py'\"'\"'; __file__='\"'\"'/data/data/com.termux/files/usr/tmp/pip-wheel-3e9istkf/cmake/setup.py'\"'\"';f=getattr(tokenize, '\"'\"'open'\"'\"', open)(__file__);code=f.read().replace('\"'\"'\\r\\n'\"'\"', '\"'\"'\\n'\"'\"');f.close();exec(compile(code, __file__, '\"'\"'exec'\"'\"'))' bdist_wheel -d /data/data/com.termux/files/usr/tmp/pip-wheel-76sn2q3h\n           cwd: /data/data/com.termux/files/usr/tmp/pip-wheel-3e9istkf/cmake/\n      Complete output (520 lines):\n\n\n      --------------------------------------------------------------------------------\n      -- Trying \"Ninja\" generator\n      --------------------------------\n      ---------------------------\n      ----------------------\n      -----------------\n      ------------\n      -------\n      --\n      Not searching for unused variables given on the command line.\n      CMake Error: CMake was unable to find a build program corresponding to \"Ninja\".  CMAKE_MAKE_PROGRAM is not set.  You probably need to select a different build tool.\n      -- Configuring incomplete, errors occurred!\n      See also \"/data/data/com.termux/files/usr/tmp/pip-wheel-3e9istkf/cmake/_cmake_test_compile/build/CMakeFiles/CMakeOutput.log\".\n      --\n      -------\n      ------------\n      -----------------\n      ----------------------\n      ---------------------------\n      --------------------------------\n      -- Trying \"Ninja\" generator - failure\n      --------------------------------------------------------------------------------\n\n\n\n      --------------------------------------------------------------------------------\n      -- Trying \"Unix Makefiles\" generator\n      --------------------------------\n      ---------------------------\n      ----------------------\n      -----------------\n      ------------\n      -------\n      --\n      Not searching for unused variables given on the command line.\n      -- The C compiler identification is Clang 10.0.1\n      -- Detecting C compiler ABI info\n      -- Detecting C compiler ABI info - done\n      -- Check for working C compiler: /data/data/com.termux/files/usr/bin/cc - skipped\n      -- Detecting C compile features\n      -- Detecting C compile features - done\n      -- The CXX compiler identification is Clang 10.0.1\n      -- Detecting CXX compiler ABI info\n      -- Detecting CXX compiler ABI info - done\n      -- Check for working CXX compiler: /data/data/com.termux/files/usr/bin/c++ - skipped\n      -- Detecting CXX compile features\n      -- Detecting CXX compile features - done\n      -- Configuring done\n      -- Generating done\n      -- Build files have been written to: /data/data/com.termux/files/usr/tmp/pip-wheel-3e9istkf/cmake/_cmake_test_compile/build\n      --\n      -------\n      ------------\n      -----------------\n      ----------------------\n      ---------------------------\n      --------------------------------\n      -- Trying \"Unix Makefiles\" generator - success\n      --------------------------------------------------------------------------------\n\n      Configuring Project\n        Working directory:\n          /data/data/com.termux/files/usr/tmp/pip-wheel-3e9istkf/cmake/_skbuild/linux-armv8l-3.8/cmake-build\n        Command:\n          cmake /data/data/com.termux/files/usr/tmp/pip-wheel-3e9istkf/cmake -G 'Unix Makefiles' -DCMAKE_INSTALL_PREFIX:PATH=/data/data/com.termux/files/usr/tmp/pip-wheel-3e9istkf/cmake/_skbuild/linux-armv8l-3.8/cmake-install/cmake/data -DPYTHON_EXECUTABLE:FILEPATH=/data/data/com.termux/files/usr/bin/python3 -DPYTHON_VERSION_STRING:STRING=3.8.5 -DPYTHON_INCLUDE_DIR:PATH=/data/data/com.termux/files/usr/include/python3.8 -DPYTHON_LIBRARY:FILEPATH=/data/data/com.termux/files/usr/lib/libpython3.8.so -DSKBUILD:BOOL=TRUE -DCMAKE_MODULE_PATH:PATH=/data/data/com.termux/files/usr/lib/python3.8/site-packages/skbuild/resources/cmake -DCMAKE_BUILD_TYPE:STRING=Release\n\n      -- The CXX compiler identification is Clang 10.0.1\n      -- Detecting CXX compiler ABI info\n      -- Detecting CXX compiler ABI info - done\n      -- Check for working CXX compiler: /data/data/com.termux/files/usr/bin/c++ - skipped\n      -- Detecting CXX compile features\n      -- Detecting CXX compile features - done\n      -- ***************************************************\n      -- Build CMake from source: ON\n      -- ***************************************************\n      -- SuperBuild - CMakeProject-src-download\n      -- SuperBuild - CMakeProject-src-download - URL: https://github.com/Kitware/CMake/releases/download/v3.18.0/cmake-3.18.0.tar.gz\n      -- SuperBuild - CMakeProject-src-download - CMakeProject_SOURCE_DIR: /data/data/com.termux/files/usr/tmp/pip-wheel-3e9istkf/cmake/src\n      -- SuperBuild -   CMakeProject-build\n      -- SuperBuild -   CMakeProject-build - CMakeProject_BINARY_DIR: /data/data/com.termux/files/usr/tmp/pip-wheel-3e9istkf/cmake/_skbuild/linux-armv8l-3.8/cmake-build/CMakeProject-build\n      -- SuperBuild -   CMakePythonDistributions\n      -- Configuring done\n      -- Generating done\n      CMake Warning:\n        Manually-specified variables were not used by the project:\n\n          PYTHON_EXECUTABLE\n          PYTHON_INCLUDE_DIR\n          PYTHON_LIBRARY\n          PYTHON_VERSION_STRING\n          SKBUILD\n\n\n      -- Build files have been written to: /data/data/com.termux/files/usr/tmp/pip-wheel-3e9istkf/cmake/_skbuild/linux-armv8l-3.8/cmake-build\n      Scanning dependencies of target CMakeProject-src-download\n      [  3%] Creating directories for 'CMakeProject-src-download'\n      [  6%] Performing download step (download, verify and extract) for 'CMakeProject-src-download'\n      -- Downloading...\n         dst='/data/data/com.termux/files/usr/tmp/pip-wheel-3e9istkf/cmake/_skbuild/linux-armv8l-3.8/cmake-build/cmake-3.18.0.tar.gz'\n         timeout='none'\n      -- Using src='https://github.com/Kitware/CMake/releases/download/v3.18.0/cmake-3.18.0.tar.gz'\n      -- [download 0% complete]\n      -- [download 100% complete]\n      -- [download 0% complete]\n      -- [download 1% complete]\n...\n      -- [download 100% complete]\n      -- verifying file...\n             file='/data/data/com.termux/files/usr/tmp/pip-wheel-3e9istkf/cmake/_skbuild/linux-armv8l-3.8/cmake-build/cmake-3.18.0.tar.gz'\n      -- Downloading... done\n      -- extracting...\n           src='/data/data/com.termux/files/usr/tmp/pip-wheel-3e9istkf/cmake/_skbuild/linux-armv8l-3.8/cmake-build/cmake-3.18.0.tar.gz'\n           dst='/data/data/com.termux/files/usr/tmp/pip-wheel-3e9istkf/cmake/src'\n      -- extracting... [tar xfz]\n      -- extracting... [analysis]\n      -- extracting... [rename]\n      -- extracting... [clean up]\n      -- extracting... done\n      [  9%] No update step for 'CMakeProject-src-download'\n      [ 12%] No patch step for 'CMakeProject-src-download'\n      [ 15%] No configure step for 'CMakeProject-src-download'\n      [ 18%] No build step for 'CMakeProject-src-download'\n      [ 21%] No install step for 'CMakeProject-src-download'\n      [ 24%] Completed 'CMakeProject-src-download'\n      [ 24%] Built target CMakeProject-src-download\n      Scanning dependencies of target LibUV\n      [ 27%] Creating directories for 'LibUV'\n      [ 30%] Performing download step (download, verify and extract) for 'LibUV'\n      -- Downloading...\n         dst='/data/data/com.termux/files/usr/tmp/pip-wheel-3e9istkf/cmake/_skbuild/linux-armv8l-3.8/cmake-build/LibUV-prefix/src/libuv-v1.23.0.tar.gz'\n         timeout='none'\n      -- Using src='https://dist.libuv.org/dist/v1.23.0/libuv-v1.23.0.tar.gz'\n      -- [download 0% complete]\n      -- [download 1% complete]\n....\n      -- [download 98% complete]\n      -- [download 100% complete]\n      -- verifying file...\n             file='/data/data/com.termux/files/usr/tmp/pip-wheel-3e9istkf/cmake/_skbuild/linux-armv8l-3.8/cmake-build/LibUV-prefix/src/libuv-v1.23.0.tar.gz'\n      -- Downloading... done\n      -- extracting...\n           src='/data/data/com.termux/files/usr/tmp/pip-wheel-3e9istkf/cmake/_skbuild/linux-armv8l-3.8/cmake-build/LibUV-prefix/src/libuv-v1.23.0.tar.gz'\n           dst='/data/data/com.termux/files/usr/tmp/pip-wheel-3e9istkf/cmake/_skbuild/linux-armv8l-3.8/cmake-build/LibUV-src'\n      -- extracting... [tar xfz]\n      -- extracting... [analysis]\n      -- extracting... [rename]\n      -- extracting... [clean up]\n      -- extracting... done\n      [ 33%] No update step for 'LibUV'\n      [ 36%] No patch step for 'LibUV'\n      [ 39%] Performing configure step for 'LibUV'\n      loading initial cache file /data/data/com.termux/files/usr/tmp/pip-wheel-3e9istkf/cmake/_skbuild/linux-armv8l-3.8/cmake-build/initial-cache.txt\n      loading initial cache file /data/data/com.termux/files/usr/tmp/pip-wheel-3e9istkf/cmake/_skbuild/linux-armv8l-3.8/cmake-build/LibUV-prefix/tmp/LibUV-cache-Release.cmake\n      -- The C compiler identification is Clang 10.0.1\n      -- The CXX compiler identification is Clang 10.0.1\n      -- Detecting C compiler ABI info\n      -- Detecting C compiler ABI info - done\n      -- Check for working C compiler: /data/data/com.termux/files/usr/bin/cc - skipped\n      -- Detecting C compile features\n      -- Detecting C compile features - done\n      -- Detecting CXX compiler ABI info\n      -- Detecting CXX compiler ABI info - done\n      -- Check for working CXX compiler: /data/data/com.termux/files/usr/bin/c++ - skipped\n      -- Detecting CXX compile features\n      -- Detecting CXX compile features - done\n      -- Configuring done\n      -- Generating done\n      -- Build files have been written to: /data/data/com.termux/files/usr/tmp/pip-wheel-3e9istkf/cmake/_skbuild/linux-armv8l-3.8/cmake-build/LibUV-build\n      [ 42%] Performing build step for 'LibUV'\n      Scanning dependencies of target uv\n      [  1%] Building C object CMakeFiles/uv.dir/src/fs-poll.c.o\n      [  2%] Building C object CMakeFiles/uv.dir/src/inet.c.o\n      [  4%] Building C object CMakeFiles/uv.dir/src/threadpool.c.o\n      [  5%] Building C object CMakeFiles/uv.dir/src/timer.c.o\n      [  7%] Building C object CMakeFiles/uv.dir/src/uv-common.c.o\n      [  8%] Building C object CMakeFiles/uv.dir/src/uv-data-getter-setters.c.o\n      [ 10%] Building C object CMakeFiles/uv.dir/src/version.c.o\n      [ 11%] Building C object CMakeFiles/uv.dir/src/unix/async.c.o\n      [ 13%] Building C object CMakeFiles/uv.dir/src/unix/core.c.o\n      [ 14%] Building C object CMakeFiles/uv.dir/src/unix/dl.c.o\n      [ 16%] Building C object CMakeFiles/uv.dir/src/unix/fs.c.o\n      [ 17%] Building C object CMakeFiles/uv.dir/src/unix/getaddrinfo.c.o\n      [ 19%] Building C object CMakeFiles/uv.dir/src/unix/getnameinfo.c.o\n      [ 20%] Building C object CMakeFiles/uv.dir/src/unix/loop-watcher.c.o\n      [ 22%] Building C object CMakeFiles/uv.dir/src/unix/loop.c.o\n      [ 23%] Building C object CMakeFiles/uv.dir/src/unix/pipe.c.o\n      /data/data/com.termux/files/usr/tmp/pip-wheel-3e9istkf/cmake/_skbuild/linux-armv8l-3.8/cmake-build/LibUV-src/src/unix/pipe.c:252:15: warning: comparison of integers of different signs: 'socklen_t' (aka 'int') and 'size_t' (aka 'unsigned int') [-Wsign-compare]\n        if (addrlen >= *size) {\n            ~~~~~~~ ^  ~~~~~\n      1 warning generated.\n      [ 25%] Building C object CMakeFiles/uv.dir/src/unix/poll.c.o\n      [ 26%] Building C object CMakeFiles/uv.dir/src/unix/process.c.o\n      [ 27%] Building C object CMakeFiles/uv.dir/src/unix/signal.c.o\n      [ 29%] Building C object CMakeFiles/uv.dir/src/unix/stream.c.o\n      [ 30%] Building C object CMakeFiles/uv.dir/src/unix/tcp.c.o\n      [ 32%] Building C object CMakeFiles/uv.dir/src/unix/thread.c.o\n      [ 33%] Building C object CMakeFiles/uv.dir/src/unix/tty.c.o\n      [ 35%] Building C object CMakeFiles/uv.dir/src/unix/udp.c.o\n      [ 36%] Building C object CMakeFiles/uv.dir/src/unix/android-ifaddrs.c.o\n      [ 38%] Building C object CMakeFiles/uv.dir/src/unix/linux-core.c.o\n      [ 39%] Building C object CMakeFiles/uv.dir/src/unix/linux-inotify.c.o\n      [ 41%] Building C object CMakeFiles/uv.dir/src/unix/linux-syscalls.c.o\n      [ 42%] Building C object CMakeFiles/uv.dir/src/unix/procfs-exepath.c.o\n      [ 44%] Building C object CMakeFiles/uv.dir/src/unix/pthread-fixes.c.o\n      [ 45%] Building C object CMakeFiles/uv.dir/src/unix/sysinfo-loadavg.c.o\n      [ 47%] Building C object CMakeFiles/uv.dir/src/unix/sysinfo-memory.c.o\n      [ 48%] Building C object CMakeFiles/uv.dir/src/unix/proctitle.c.o\n      [ 50%] Linking C shared library libuv.so\n      [ 50%] Built target uv\n      Scanning dependencies of target uv_a\n      [ 51%] Building C object CMakeFiles/uv_a.dir/src/fs-poll.c.o\n      [ 52%] Building C object CMakeFiles/uv_a.dir/src/inet.c.o\n      [ 54%] Building C object CMakeFiles/uv_a.dir/src/threadpool.c.o\n      [ 55%] Building C object CMakeFiles/uv_a.dir/src/timer.c.o\n      [ 57%] Building C object CMakeFiles/uv_a.dir/src/uv-common.c.o\n      [ 58%] Building C object CMakeFiles/uv_a.dir/src/uv-data-getter-setters.c.o\n      [ 60%] Building C object CMakeFiles/uv_a.dir/src/version.c.o\n      [ 61%] Building C object CMakeFiles/uv_a.dir/src/unix/async.c.o\n      [ 63%] Building C object CMakeFiles/uv_a.dir/src/unix/core.c.o\n      [ 64%] Building C object CMakeFiles/uv_a.dir/src/unix/dl.c.o\n      [ 66%] Building C object CMakeFiles/uv_a.dir/src/unix/fs.c.o\n      [ 67%] Building C object CMakeFiles/uv_a.dir/src/unix/getaddrinfo.c.o\n      [ 69%] Building C object CMakeFiles/uv_a.dir/src/unix/getnameinfo.c.o\n      [ 70%] Building C object CMakeFiles/uv_a.dir/src/unix/loop-watcher.c.o\n      [ 72%] Building C object CMakeFiles/uv_a.dir/src/unix/loop.c.o\n      [ 73%] Building C object CMakeFiles/uv_a.dir/src/unix/pipe.c.o\n      /data/data/com.termux/files/usr/tmp/pip-wheel-3e9istkf/cmake/_skbuild/linux-armv8l-3.8/cmake-build/LibUV-src/src/unix/pipe.c:252:15: warning: comparison of integers of different signs: 'socklen_t' (aka 'int') and 'size_t' (aka 'unsigned int') [-Wsign-compare]\n        if (addrlen >= *size) {\n            ~~~~~~~ ^  ~~~~~\n      1 warning generated.\n      [ 75%] Building C object CMakeFiles/uv_a.dir/src/unix/poll.c.o\n      [ 76%] Building C object CMakeFiles/uv_a.dir/src/unix/process.c.o\n      [ 77%] Building C object CMakeFiles/uv_a.dir/src/unix/signal.c.o\n      [ 79%] Building C object CMakeFiles/uv_a.dir/src/unix/stream.c.o\n      [ 80%] Building C object CMakeFiles/uv_a.dir/src/unix/tcp.c.o\n      [ 82%] Building C object CMakeFiles/uv_a.dir/src/unix/thread.c.o\n      [ 83%] Building C object CMakeFiles/uv_a.dir/src/unix/tty.c.o\n      [ 85%] Building C object CMakeFiles/uv_a.dir/src/unix/udp.c.o\n      [ 86%] Building C object CMakeFiles/uv_a.dir/src/unix/android-ifaddrs.c.o\n      [ 88%] Building C object CMakeFiles/uv_a.dir/src/unix/linux-core.c.o\n      [ 89%] Building C object CMakeFiles/uv_a.dir/src/unix/linux-inotify.c.o\n      [ 91%] Building C object CMakeFiles/uv_a.dir/src/unix/linux-syscalls.c.o\n      [ 92%] Building C object CMakeFiles/uv_a.dir/src/unix/procfs-exepath.c.o\n      [ 94%] Building C object CMakeFiles/uv_a.dir/src/unix/pthread-fixes.c.o\n      [ 95%] Building C object CMakeFiles/uv_a.dir/src/unix/sysinfo-loadavg.c.o\n      [ 97%] Building C object CMakeFiles/uv_a.dir/src/unix/sysinfo-memory.c.o\n      [ 98%] Building C object CMakeFiles/uv_a.dir/src/unix/proctitle.c.o\n      [100%] Linking C static library libuv_a.a\n      [100%] Built target uv_a\n      [ 45%] Performing install step for 'LibUV'\n      [ 50%] Built target uv\n      [100%] Built target uv_a\n      Install the project...\n      -- Install configuration: \"Release\"\n      -- Installing: /data/data/com.termux/files/usr/tmp/pip-wheel-3e9istkf/cmake/_skbuild/linux-armv8l-3.8/cmake-build/LibUV-install/include\n      -- Installing: /data/data/com.termux/files/usr/tmp/pip-wheel-3e9istkf/cmake/_skbuild/linux-armv8l-3.8/cmake-build/LibUV-install/include/uv.h\n      -- Installing: /data/data/com.termux/files/usr/tmp/pip-wheel-3e9istkf/cmake/_skbuild/linux-armv8l-3.8/cmake-build/LibUV-install/include/uv\n      -- Installing: /data/data/com.termux/files/usr/tmp/pip-wheel-3e9istkf/cmake/_skbuild/linux-armv8l-3.8/cmake-build/LibUV-install/include/uv/os390.h\n      -- Installing: /data/data/com.termux/files/usr/tmp/pip-wheel-3e9istkf/cmake/_skbuild/linux-armv8l-3.8/cmake-build/LibUV-install/include/uv/android-ifaddrs.h\n      -- Installing: /data/data/com.termux/files/usr/tmp/pip-wheel-3e9istkf/cmake/_skbuild/linux-armv8l-3.8/cmake-build/LibUV-install/include/uv/tree.h\n      -- Installing: /data/data/com.termux/files/usr/tmp/pip-wheel-3e9istkf/cmake/_skbuild/linux-armv8l-3.8/cmake-build/LibUV-install/include/uv/darwin.h\n      -- Installing: /data/data/com.termux/files/usr/tmp/pip-wheel-3e9istkf/cmake/_skbuild/linux-armv8l-3.8/cmake-build/LibUV-install/include/uv/pthread-barrier.h\n      -- Installing: /data/data/com.termux/files/usr/tmp/pip-wheel-3e9istkf/cmake/_skbuild/linux-armv8l-3.8/cmake-build/LibUV-install/include/uv/version.h\n      -- Installing: /data/data/com.termux/files/usr/tmp/pip-wheel-3e9istkf/cmake/_skbuild/linux-armv8l-3.8/cmake-build/LibUV-install/include/uv/unix.h\n      -- Installing: /data/data/com.termux/files/usr/tmp/pip-wheel-3e9istkf/cmake/_skbuild/linux-armv8l-3.8/cmake-build/LibUV-install/include/uv/errno.h\n      -- Installing: /data/data/com.termux/files/usr/tmp/pip-wheel-3e9istkf/cmake/_skbuild/linux-armv8l-3.8/cmake-build/LibUV-install/include/uv/linux.h\n      -- Installing: /data/data/com.termux/files/usr/tmp/pip-wheel-3e9istkf/cmake/_skbuild/linux-armv8l-3.8/cmake-build/LibUV-install/include/uv/aix.h\n      -- Installing: /data/data/com.termux/files/usr/tmp/pip-wheel-3e9istkf/cmake/_skbuild/linux-armv8l-3.8/cmake-build/LibUV-install/include/uv/stdint-msvc2008.h\n      -- Installing: /data/data/com.termux/files/usr/tmp/pip-wheel-3e9istkf/cmake/_skbuild/linux-armv8l-3.8/cmake-build/LibUV-install/include/uv/bsd.h\n      -- Installing: /data/data/com.termux/files/usr/tmp/pip-wheel-3e9istkf/cmake/_skbuild/linux-armv8l-3.8/cmake-build/LibUV-install/include/uv/sunos.h\n      -- Installing: /data/data/com.termux/files/usr/tmp/pip-wheel-3e9istkf/cmake/_skbuild/linux-armv8l-3.8/cmake-build/LibUV-install/include/uv/threadpool.h\n      -- Installing: /data/data/com.termux/files/usr/tmp/pip-wheel-3e9istkf/cmake/_skbuild/linux-armv8l-3.8/cmake-build/LibUV-install/include/uv/posix.h\n      -- Installing: /data/data/com.termux/files/usr/tmp/pip-wheel-3e9istkf/cmake/_skbuild/linux-armv8l-3.8/cmake-build/LibUV-install/include/uv/win.h\n      -- Installing: /data/data/com.termux/files/usr/tmp/pip-wheel-3e9istkf/cmake/_skbuild/linux-armv8l-3.8/cmake-build/LibUV-install/share/doc/libuv/LICENSE\n      -- Installing: /data/data/com.termux/files/usr/tmp/pip-wheel-3e9istkf/cmake/_skbuild/linux-armv8l-3.8/cmake-build/LibUV-install/lib/pkgconfig/LICENSE\n      -- Installing: /data/data/com.termux/files/usr/tmp/pip-wheel-3e9istkf/cmake/_skbuild/linux-armv8l-3.8/cmake-build/LibUV-install/lib/pkgconfig/libuv.pc\n      -- Installing: /data/data/com.termux/files/usr/tmp/pip-wheel-3e9istkf/cmake/_skbuild/linux-armv8l-3.8/cmake-build/LibUV-install/lib/libuv.so\n      -- Installing: /data/data/com.termux/files/usr/tmp/pip-wheel-3e9istkf/cmake/_skbuild/linux-armv8l-3.8/cmake-build/LibUV-install/lib/libuv_a.a\n      [ 48%] Completed 'LibUV'\n      [ 48%] Built target LibUV\n      Scanning dependencies of target CMakeProject-build\n      [ 51%] Creating directories for 'CMakeProject-build'\n      [ 54%] No download step for 'CMakeProject-build'\n      [ 57%] No update step for 'CMakeProject-build'\n      [ 60%] No patch step for 'CMakeProject-build'\n      [ 63%] Performing configure step for 'CMakeProject-build'\n      loading initial cache file /data/data/com.termux/files/usr/tmp/pip-wheel-3e9istkf/cmake/_skbuild/linux-armv8l-3.8/cmake-build/initial-cache.txt\n      loading initial cache file /data/data/com.termux/files/usr/tmp/pip-wheel-3e9istkf/cmake/_skbuild/linux-armv8l-3.8/cmake-build/CMakeProject-build-prefix/tmp/CMakeProject-build-cache-Release.cmake\n      -- The C compiler identification is Clang 10.0.1\n      -- The CXX compiler identification is Clang 10.0.1\n      -- Detecting C compiler ABI info\n      -- Detecting C compiler ABI info - done\n      -- Check for working C compiler: /data/data/com.termux/files/usr/bin/cc - skipped\n      -- Detecting C compile features\n      -- Detecting C compile features - done\n      -- Detecting CXX compiler ABI info\n      -- Detecting CXX compiler ABI info - failed\n      -- Check for working CXX compiler: /data/data/com.termux/files/usr/bin/c++\n      -- Check for working CXX compiler: /data/data/com.termux/files/usr/bin/c++ - broken\n      CMake Error at /data/data/com.termux/files/usr/share/cmake-3.18/Modules/CMakeTestCXXCompiler.cmake:59 (message):\n        The C++ compiler\n\n          \"/data/data/com.termux/files/usr/bin/c++\"\n\n        is not able to compile a simple test program.\n\n        It fails with the following output:\n\n          Change Dir: /data/data/com.termux/files/usr/tmp/pip-wheel-3e9istkf/cmake/_skbuild/linux-armv8l-3.8/cmake-build/CMakeProject-build/CMakeFiles/CMakeTmp\n\n          Run Build Command(s):/data/data/com.termux/files/usr/bin/make cmTC_793bc/fast && make[3]: Entering directory '/data/data/com.termux/files/usr/tmp/pip-wheel-3e9istkf/cmake/_skbuild/linux-armv8l-3.8/cmake-build/CMakeProject-build/CMakeFiles/CMakeTmp'\n          /data/data/com.termux/files/usr/bin/make  -f CMakeFiles/cmTC_793bc.dir/build.make CMakeFiles/cmTC_793bc.dir/build\n          make[4]: Entering directory '/data/data/com.termux/files/usr/tmp/pip-wheel-3e9istkf/cmake/_skbuild/linux-armv8l-3.8/cmake-build/CMakeProject-build/CMakeFiles/CMakeTmp'\n          Building CXX object CMakeFiles/cmTC_793bc.dir/testCXXCompiler.cxx.o\n          /data/data/com.termux/files/usr/bin/c++   -g -o CMakeFiles/cmTC_793bc.dir/testCXXCompiler.cxx.o -c /data/data/com.termux/files/usr/tmp/pip-wheel-3e9istkf/cmake/_skbuild/linux-armv8l-3.8/cmake-build/CMakeProject-build/CMakeFiles/CMakeTmp/testCXXCompiler.cxx\n          Linking CXX executable cmTC_793bc\n          /data/data/com.termux/files/usr/bin/cmake -E cmake_link_script CMakeFiles/cmTC_793bc.dir/link.txt --verbose=1\n          /data/data/com.termux/files/usr/bin/c++ -g -static-libstdc++ -static-libgcc -lrt  CMakeFiles/cmTC_793bc.dir/testCXXCompiler.cxx.o -o cmTC_793bc\n          /data/data/com.termux/files/usr/bin/arm-linux-androideabi-ld: cannot find -lc++_shared\n          clang-10: error: linker command failed with exit code 1 (use -v to see invocation)\n          make[4]: *** [CMakeFiles/cmTC_793bc.dir/build.make:106: cmTC_793bc] Error 1\n          make[4]: Leaving directory '/data/data/com.termux/files/usr/tmp/pip-wheel-3e9istkf/cmake/_skbuild/linux-armv8l-3.8/cmake-build/CMakeProject-build/CMakeFiles/CMakeTmp'\n          make[3]: *** [Makefile:140: cmTC_793bc/fast] Error 2\n          make[3]: Leaving directory '/data/data/com.termux/files/usr/tmp/pip-wheel-3e9istkf/cmake/_skbuild/linux-armv8l-3.8/cmake-build/CMakeProject-build/CMakeFiles/CMakeTmp'\n\n\n\n\n\n        CMake will not be able to correctly generate this project.\n      Call Stack (most recent call first):\n        CMakeLists.txt:7 (project)\n\n\n      -- Configuring incomplete, errors occurred!\n      See also \"/data/data/com.termux/files/usr/tmp/pip-wheel-3e9istkf/cmake/_skbuild/linux-armv8l-3.8/cmake-build/CMakeProject-build/CMakeFiles/CMakeOutput.log\".\n      See also \"/data/data/com.termux/files/usr/tmp/pip-wheel-3e9istkf/cmake/_skbuild/linux-armv8l-3.8/cmake-build/CMakeProject-build/CMakeFiles/CMakeError.log\".\n      make[2]: *** [CMakeFiles/CMakeProject-build.dir/build.make:131: CMakeProject-build-prefix/src/CMakeProject-build-stamp/CMakeProject-build-configure] Error 1\n      make[1]: *** [CMakeFiles/Makefile2:130: CMakeFiles/CMakeProject-build.dir/all] Error 2\n      make: *** [Makefile:149: all] Error 2\n      Traceback (most recent call last):\n        File \"/data/data/com.termux/files/usr/lib/python3.8/site-packages/skbuild/setuptools_wrap.py\", line 589, in setup\n          cmkr.make(make_args, env=env)\n        File \"/data/data/com.termux/files/usr/lib/python3.8/site-packages/skbuild/cmaker.py\", line 496, in make\n          raise SKBuildError(\n\n      An error occurred while building with CMake.\n        Command:\n          cmake --build . --target install --config Release --\n        Source directory:\n          /data/data/com.termux/files/usr/tmp/pip-wheel-3e9istkf/cmake\n        Working directory:\n          /data/data/com.termux/files/usr/tmp/pip-wheel-3e9istkf/cmake/_skbuild/linux-armv8l-3.8/cmake-build\n      Please see CMake's output for more information.\n      ----------------------------------------\n      ERROR: Failed building wheel for cmake\n    ERROR: Failed to build one or more wheels\n    Traceback (most recent call last):\n      File \"/data/data/com.termux/files/usr/lib/python3.8/site-packages/setuptools/installer.py\", line 128, in fetch_build_egg\n        subprocess.check_call(cmd)\n      File \"/data/data/com.termux/files/usr/lib/python3.8/subprocess.py\", line 364, in check_call\n        raise CalledProcessError(retcode, cmd)\n    subprocess.CalledProcessError: Command '['/data/data/com.termux/files/usr/bin/python3', '-m', 'pip', '--disable-pip-version-check', 'wheel', '--no-deps', '-w', '/data/data/com.termux/files/usr/tmp/tmp1hbw_d_z', '--quiet', 'cmake!=3.17,!=3.17.0']' returned non-zero exit status 1.\n\n    During handling of the above exception, another exception occurred:\n\n    Traceback (most recent call last):\n      File \"<string>\", line 1, in <module>\n      File \"/data/data/com.termux/files/usr/tmp/pip-install-891uqs3t/qiskit-aer/setup.py\", line 56, in <module>\n        setup(\n      File \"/data/data/com.termux/files/usr/lib/python3.8/site-packages/skbuild/setuptools_wrap.py\", line 468, in setup\n        return upstream_setup(*args, **kw)\n      File \"/data/data/com.termux/files/usr/lib/python3.8/site-packages/setuptools/__init__.py\", line 143, in setup\n        _install_setup_requires(attrs)\n      File \"/data/data/com.termux/files/usr/lib/python3.8/site-packages/setuptools/__init__.py\", line 138, in _install_setup_requires\n        dist.fetch_build_eggs(dist.setup_requires)\n      File \"/data/data/com.termux/files/usr/lib/python3.8/site-packages/setuptools/dist.py\", line 695, in fetch_build_eggs\n        resolved_dists = pkg_resources.working_set.resolve(\n      File \"/data/data/com.termux/files/usr/lib/python3.8/site-packages/pkg_resources/__init__.py\", line 781, in resolve\n        dist = best[req.key] = env.best_match(\n      File \"/data/data/com.termux/files/usr/lib/python3.8/site-packages/pkg_resources/__init__.py\", line 1066, in best_match\n        return self.obtain(req, installer)\n      File \"/data/data/com.termux/files/usr/lib/python3.8/site-packages/pkg_resources/__init__.py\", line 1078, in obtain\n        return installer(requirement)\n      File \"/data/data/com.termux/files/usr/lib/python3.8/site-packages/setuptools/dist.py\", line 754, in fetch_build_egg\n        return fetch_build_egg(self, req)\n      File \"/data/data/com.termux/files/usr/lib/python3.8/site-packages/setuptools/installer.py\", line 130, in fetch_build_egg\n        raise DistutilsError(str(e))\n    distutils.errors.DistutilsError: Command '['/data/data/com.termux/files/usr/bin/python3', '-m', 'pip', '--disable-pip-version-check', 'wheel', '--no-deps', '-w', '/data/data/com.termux/files/usr/tmp/tmp1hbw_d_z', '--quiet', 'cmake!=3.17,!=3.17.0']' returned non-zero exit status 1.\n    ----------------------------------------\nERROR: Command errored out with exit status 1: python setup.py egg_info Check the logs for full command output.\n\n\nIs there any way how to get Qiskit running on my mobile?\n", "answers": [], "comments": ["Seems the qiskit needs ninja and cmake but cmake through the pip is breaking. No clear resolutions yet but discussions going on here and here."], "link": "https://quantumcomputing.stackexchange.com//questions/13141/problem-with-installing-qiskit-on-android-with-termux-emulator?r=SearchResults"}